0 silly argv { _: [ 'run' ],
0 silly argv   since: 'develop',
0 silly argv   lernaVersion: '3.15.0',
0 silly argv   '$0': '/Users/Squall/workspaces/hub-test/node_modules/.bin/lerna',
0 silly argv   script: 'pwd' }
1 notice cli v3.15.0
2 verbose rootPath /Users/Squall/workspaces/hub-test
3 info versioning independent
4 silly hasTags
5 verbose hasTags false
6 info Looking for changed packages since develop
7 silly checking diff packages/cdn-emulator
8 error Error: Command failed: git diff --name-only develop -- packages/cdn-emulator
8 error fatal: bad revision 'develop'
8 error
8 error
8 error     at makeError (/Users/Squall/workspaces/hub-test/node_modules/execa/index.js:174:9)
8 error     at Function.module.exports.sync (/Users/Squall/workspaces/hub-test/node_modules/execa/index.js:338:15)
8 error     at Object.execSync (/Users/Squall/workspaces/hub-test/node_modules/@lerna/child-process/index.js:26:16)
8 error     at diffSinceIn (/Users/Squall/workspaces/hub-test/node_modules/@lerna/collect-updates/lib/make-diff-predicate.js:63:23)
8 error     at hasDiffSinceThatIsntIgnored (/Users/Squall/workspaces/hub-test/node_modules/@lerna/collect-updates/lib/make-diff-predicate.js:27:18)
8 error     at isCandidate (/Users/Squall/workspaces/hub-test/node_modules/@lerna/collect-updates/collect-updates.js:87:77)
8 error     at packages.forEach (/Users/Squall/workspaces/hub-test/node_modules/@lerna/collect-updates/lib/collect-packages.js:11:9)
8 error     at Map.forEach (<anonymous>)
8 error     at collectPackages (/Users/Squall/workspaces/hub-test/node_modules/@lerna/collect-updates/lib/collect-packages.js:10:12)
